<?xml version="1.0" encoding="UTF-8"?>
<testng-results skipped="3" failed="0" total="3" passed="0">
  <reporter-output>
  </reporter-output>
  <suite name="Default suite" duration-ms="89" started-at="2019-09-22T06:06:01Z" finished-at="2019-09-22T06:06:01Z">
    <groups>
    </groups>
    <test name="Default test" duration-ms="89" started-at="2019-09-22T06:06:01Z" finished-at="2019-09-22T06:06:01Z">
      <class name="com.crm.qa.testcases.LoginPageTest">
        <test-method status="FAIL" signature="setUp()[pri:0, instance:com.crm.qa.testcases.LoginPageTest@55d56113]" name="setUp" is-config="true" duration-ms="0" started-at="2019-09-22T16:06:01Z" finished-at="2019-09-22T16:06:01Z">
          <exception class="java.lang.NullPointerException">
            <full-stacktrace>
              <![CDATA[java.lang.NullPointerException
	at com.crm.qa.base.TestBase.initialization(TestBase.java:35)
	at com.crm.qa.testcases.LoginPageTest.setUp(LoginPageTest.java:24)
	at sun.reflect.NativeMethodAccessorImpl.invoke0(Native Method)
	at sun.reflect.NativeMethodAccessorImpl.invoke(Unknown Source)
	at sun.reflect.DelegatingMethodAccessorImpl.invoke(Unknown Source)
	at java.lang.reflect.Method.invoke(Unknown Source)
	at org.testng.internal.MethodInvocationHelper.invokeMethod(MethodInvocationHelper.java:80)
	at org.testng.internal.Invoker.invokeConfigurationMethod(Invoker.java:564)
	at org.testng.internal.Invoker.invokeConfigurations(Invoker.java:213)
	at org.testng.internal.Invoker.invokeMethod(Invoker.java:653)
	at org.testng.internal.Invoker.invokeTestMethod(Invoker.java:901)
	at org.testng.internal.Invoker.invokeTestMethods(Invoker.java:1231)
	at org.testng.internal.TestMethodWorker.invokeTestMethods(TestMethodWorker.java:127)
	at org.testng.internal.TestMethodWorker.run(TestMethodWorker.java:111)
	at org.testng.TestRunner.privateRun(TestRunner.java:767)
	at org.testng.TestRunner.run(TestRunner.java:617)
	at org.testng.SuiteRunner.runTest(SuiteRunner.java:334)
	at org.testng.SuiteRunner.runSequentially(SuiteRunner.java:329)
	at org.testng.SuiteRunner.privateRun(SuiteRunner.java:291)
	at org.testng.SuiteRunner.run(SuiteRunner.java:240)
	at org.testng.SuiteRunnerWorker.runSuite(SuiteRunnerWorker.java:52)
	at org.testng.SuiteRunnerWorker.run(SuiteRunnerWorker.java:86)
	at org.testng.TestNG.runSuitesSequentially(TestNG.java:1198)
	at org.testng.TestNG.runSuitesLocally(TestNG.java:1123)
	at org.testng.TestNG.run(TestNG.java:1031)
	at org.testng.remote.AbstractRemoteTestNG.run(AbstractRemoteTestNG.java:115)
	at org.testng.remote.RemoteTestNG.initAndRun(RemoteTestNG.java:251)
	at org.testng.remote.RemoteTestNG.main(RemoteTestNG.java:77)
]]>
            </full-stacktrace>
          </exception> <!-- java.lang.NullPointerException -->
          <reporter-output>
          </reporter-output>
        </test-method> <!-- setUp -->
        <test-method status="SKIP" signature="loginPageTitleTest()[pri:0, instance:com.crm.qa.testcases.LoginPageTest@55d56113]" name="loginPageTitleTest" duration-ms="2" started-at="2019-09-22T16:06:01Z" finished-at="2019-09-22T16:06:01Z">
          <reporter-output>
          </reporter-output>
        </test-method> <!-- loginPageTitleTest -->
        <test-method status="SKIP" signature="tearDown()[pri:0, instance:com.crm.qa.testcases.LoginPageTest@55d56113]" name="tearDown" is-config="true" duration-ms="0" started-at="2019-09-22T16:06:01Z" finished-at="2019-09-22T16:06:01Z">
          <reporter-output>
          </reporter-output>
        </test-method> <!-- tearDown -->
        <test-method status="SKIP" signature="setUp()[pri:0, instance:com.crm.qa.testcases.LoginPageTest@55d56113]" name="setUp" is-config="true" duration-ms="0" started-at="2019-09-22T16:06:01Z" finished-at="2019-09-22T16:06:01Z">
          <reporter-output>
          </reporter-output>
        </test-method> <!-- setUp -->
        <test-method status="SKIP" signature="crmLogoImageTest()[pri:0, instance:com.crm.qa.testcases.LoginPageTest@55d56113]" name="crmLogoImageTest" duration-ms="2" started-at="2019-09-22T16:06:01Z" finished-at="2019-09-22T16:06:01Z">
          <reporter-output>
          </reporter-output>
        </test-method> <!-- crmLogoImageTest -->
        <test-method status="SKIP" signature="tearDown()[pri:0, instance:com.crm.qa.testcases.LoginPageTest@55d56113]" name="tearDown" is-config="true" duration-ms="0" started-at="2019-09-22T16:06:01Z" finished-at="2019-09-22T16:06:01Z">
          <reporter-output>
          </reporter-output>
        </test-method> <!-- tearDown -->
        <test-method status="SKIP" signature="setUp()[pri:0, instance:com.crm.qa.testcases.LoginPageTest@55d56113]" name="setUp" is-config="true" duration-ms="0" started-at="2019-09-22T16:06:01Z" finished-at="2019-09-22T16:06:01Z">
          <reporter-output>
          </reporter-output>
        </test-method> <!-- setUp -->
        <test-method status="SKIP" signature="loginTest()[pri:0, instance:com.crm.qa.testcases.LoginPageTest@55d56113]" name="loginTest" duration-ms="1" started-at="2019-09-22T16:06:01Z" finished-at="2019-09-22T16:06:01Z">
          <reporter-output>
          </reporter-output>
        </test-method> <!-- loginTest -->
        <test-method status="SKIP" signature="tearDown()[pri:0, instance:com.crm.qa.testcases.LoginPageTest@55d56113]" name="tearDown" is-config="true" duration-ms="0" started-at="2019-09-22T16:06:01Z" finished-at="2019-09-22T16:06:01Z">
          <reporter-output>
          </reporter-output>
        </test-method> <!-- tearDown -->
      </class> <!-- com.crm.qa.testcases.LoginPageTest -->
    </test> <!-- Default test -->
  </suite> <!-- Default suite -->
</testng-results>
